<?xml version="1.0" encoding="UTF-8"?>
<testsuites name="Mocha Tests" time="3.584" tests="1" failures="0">
  <testsuite name="Root Suite" timestamp="2024-09-30T22:41:25" tests="0" file="cypress/e2e/unitTestBasedTest/nameCannotBeATrivialName.cy.js" time="0.000" failures="0">
  </testsuite>
  <testsuite name="editEmployeeTest" timestamp="2024-09-30T22:41:25" tests="1" time="3.581" failures="0">
    <testcase name="editEmployeeTest Muestra el mensaje de error &apos;Cada parte del nombre debe tener al menos dos caracteres.&apos; correctamente" time="2.585" classname="Muestra el mensaje de error &apos;Cada parte del nombre debe tener al menos dos caracteres.&apos; correctamente">
    </testcase>
  </testsuite>
</testsuites>