<?xml version="1.0" encoding="UTF-8"?>
<testsuites name="Mocha Tests" time="3.730" tests="1" failures="0">
  <testsuite name="Root Suite" timestamp="2024-09-30T22:42:52" tests="0" file="cypress/e2e/primer_test.cy.js" time="0.000" failures="0">
  </testsuite>
  <testsuite name="Mi primera prueba" timestamp="2024-09-30T22:42:52" tests="1" time="3.728" failures="0">
    <testcase name="Mi primera prueba Carga correctamente la página de ejemplo" time="2.520" classname="Carga correctamente la página de ejemplo">
    </testcase>
  </testsuite>
</testsuites>