<?xml version="1.0" encoding="UTF-8"?>
<testsuites name="Mocha Tests" time="3.549" tests="1" failures="0">
  <testsuite name="Root Suite" timestamp="2024-09-30T22:43:16" tests="0" file="cypress/e2e/unitTestBasedTest/nameMustContainAtLeast2Characters.cy.js" time="0.000" failures="0">
  </testsuite>
  <testsuite name="editEmployeeTest" timestamp="2024-09-30T22:43:16" tests="1" time="3.546" failures="0">
    <testcase name="editEmployeeTest Muestra el mensaje de error &apos;El nombre debe tener al menos 2 caracteres.&apos; correctamente" time="2.492" classname="Muestra el mensaje de error &apos;El nombre debe tener al menos 2 caracteres.&apos; correctamente">
    </testcase>
  </testsuite>
</testsuites>