<?xml version="1.0" encoding="UTF-8"?>
<testsuites name="Mocha Tests" time="0.428" tests="1" failures="1">
  <testsuite name="Root Suite" timestamp="2024-09-30T22:38:44" tests="0" file="cypress/e2e/unitTestBasedTest/nameCannotBeEmpty.cy.js" time="0.000" failures="0">
  </testsuite>
  <testsuite name="editEmployeeTest" timestamp="2024-09-30T22:38:44" tests="1" time="0.419" failures="1">
    <testcase name="editEmployeeTest Muestra el mensaje de error &apos;El nombre no puede estar vacio&apos; correctamente" time="0.000" classname="Muestra el mensaje de error &apos;El nombre no puede estar vacio&apos; correctamente">
      <failure message="`cy.visit()` failed trying to load:

https://giovaborgogno-crud-backend-qa.azurewebsites.net/

The response we received from your web server was:

  &gt; 404: Not Found

This was considered a failure because the status code was not `2xx`.

If you do not want status codes to cause failures pass the option: `failOnStatusCode: false`" type="CypressError"><![CDATA[CypressError: `cy.visit()` failed trying to load:

https://giovaborgogno-crud-backend-qa.azurewebsites.net/

The response we received from your web server was:

  > 404: Not Found

This was considered a failure because the status code was not `2xx`.

If you do not want status codes to cause failures pass the option: `failOnStatusCode: false`
    at <unknown> (http://localhost:51642/__cypress/runner/cypress_runner.js:131634:76)
    at visitFailedByErr (http://localhost:51642/__cypress/runner/cypress_runner.js:131049:12)
    at <unknown> (http://localhost:51642/__cypress/runner/cypress_runner.js:131617:13)
    at tryCatcher (http://localhost:51642/__cypress/runner/cypress_runner.js:1807:23)
    at Promise._settlePromiseFromHandler (http://localhost:51642/__cypress/runner/cypress_runner.js:1519:31)
    at Promise._settlePromise (http://localhost:51642/__cypress/runner/cypress_runner.js:1576:18)
    at Promise._settlePromise0 (http://localhost:51642/__cypress/runner/cypress_runner.js:1621:10)
    at Promise._settlePromises (http://localhost:51642/__cypress/runner/cypress_runner.js:1697:18)
    at _drainQueueStep (http://localhost:51642/__cypress/runner/cypress_runner.js:2407:12)
    at _drainQueue (http://localhost:51642/__cypress/runner/cypress_runner.js:2400:9)
    at Async._drainQueues (http://localhost:51642/__cypress/runner/cypress_runner.js:2416:5)
    at Async.drainQueues (http://localhost:51642/__cypress/runner/cypress_runner.js:2286:14)
From Your Spec Code:
    at Context.eval (webpack://employee-crud-angular/./cypress/e2e/unitTestBasedTest/nameCannotBeEmpty.cy.js:3:7)]]></failure>
    </testcase>
  </testsuite>
</testsuites>